<?xml version="1.0" encoding="UTF-8"?>
<testsuite xmlns:xsi="http://www.w3.org/2001/XMLSchema-instance" xsi:noNamespaceSchemaLocation="https://maven.apache.org/surefire/maven-surefire-plugin/xsd/surefire-test-report.xsd" name="TestSuite" time="612.492" tests="6" errors="0" skipped="0" failures="1">
  <properties>
    <property name="java.runtime.name" value="Java(TM) SE Runtime Environment"/>
    <property name="sun.boot.library.path" value="C:\Program Files\Java\jdk1.8.0_221\jre\bin"/>
    <property name="java.vm.version" value="25.221-b11"/>
    <property name="SuiteXmlFile" value="sri.xml"/>
    <property name="java.vm.vendor" value="Oracle Corporation"/>
    <property name="maven.multiModuleProjectDirectory" value="E:\Srivalli\Srivalli-Maven"/>
    <property name="java.vendor.url" value="http://java.oracle.com/"/>
    <property name="path.separator" value=";"/>
    <property name="guice.disable.misplaced.annotation.check" value="true"/>
    <property name="java.vm.name" value="Java HotSpot(TM) 64-Bit Server VM"/>
    <property name="file.encoding.pkg" value="sun.io"/>
    <property name="user.script" value=""/>
    <property name="user.country" value="IN"/>
    <property name="sun.java.launcher" value="SUN_STANDARD"/>
    <property name="sun.os.patch.level" value=""/>
    <property name="java.vm.specification.name" value="Java Virtual Machine Specification"/>
    <property name="user.dir" value="E:\Srivalli\Srivalli-Maven"/>
    <property name="java.runtime.version" value="1.8.0_221-b11"/>
    <property name="java.awt.graphicsenv" value="sun.awt.Win32GraphicsEnvironment"/>
    <property name="java.endorsed.dirs" value="C:\Program Files\Java\jdk1.8.0_221\jre\lib\endorsed"/>
    <property name="os.arch" value="amd64"/>
    <property name="java.io.tmpdir" value="C:\WINDOWS\TEMP\"/>
    <property name="line.separator" value="&#10;"/>
    <property name="java.vm.specification.vendor" value="Oracle Corporation"/>
    <property name="user.variant" value=""/>
    <property name="os.name" value="Windows 10"/>
    <property name="classworlds.conf" value="E:\Softwares\apache-maven-3.6.3\bin\..\bin\m2.conf"/>
    <property name="sun.jnu.encoding" value="Cp1252"/>
    <property name="java.library.path" value="C:\Program Files\Java\jdk1.8.0_221\bin;C:\WINDOWS\Sun\Java\bin;C:\WINDOWS\system32;C:\WINDOWS;C:\app\MAHESHTUNGALA\product\11.2.0\dbhome_1\bin;C:\Program Files (x86)\Common Files\Oracle\Java\javapath;C:\WINDOWS\system32;C:\WINDOWS;C:\WINDOWS\System32\Wbem;C:\WINDOWS\System32\WindowsPowerShell\v1.0\;C:\WINDOWS\System32\OpenSSH\;E:\Softwares\apache-maven-3.6.3\bin;?E:\mahesh.bat;E:\Softwares\apache-ant-1.10.8\;C:\Program Files\Java\jdk1.8.0_221\bin;E:\Softwares\apache-ant-1.10.8\bin;C:\WINDOWS\system32\config\systemprofile\AppData\Local\Microsoft\WindowsApps;."/>
    <property name="maven.conf" value="E:\Softwares\apache-maven-3.6.3\bin\../conf"/>
    <property name="java.specification.name" value="Java Platform API Specification"/>
    <property name="java.class.version" value="52.0"/>
    <property name="sun.management.compiler" value="HotSpot 64-Bit Tiered Compilers"/>
    <property name="os.version" value="10.0"/>
    <property name="library.jansi.path" value="E:\Softwares\apache-maven-3.6.3\bin\..\lib\jansi-native"/>
    <property name="user.home" value="C:\WINDOWS\system32\config\systemprofile"/>
    <property name="user.timezone" value="Asia/Calcutta"/>
    <property name="java.awt.printerjob" value="sun.awt.windows.WPrinterJob"/>
    <property name="java.specification.version" value="1.8"/>
    <property name="file.encoding" value="Cp1252"/>
    <property name="user.name" value="MAHESH$"/>
    <property name="java.class.path" value="E:\Softwares\apache-maven-3.6.3\bin\..\boot\plexus-classworlds-2.6.0.jar"/>
    <property name="java.vm.specification.version" value="1.8"/>
    <property name="sun.arch.data.model" value="64"/>
    <property name="java.home" value="C:\Program Files\Java\jdk1.8.0_221\jre"/>
    <property name="sun.java.command" value="org.codehaus.plexus.classworlds.launcher.Launcher test -DSuiteXmlFile=sri.xml"/>
    <property name="java.specification.vendor" value="Oracle Corporation"/>
    <property name="user.language" value="en"/>
    <property name="awt.toolkit" value="sun.awt.windows.WToolkit"/>
    <property name="java.vm.info" value="mixed mode"/>
    <property name="java.version" value="1.8.0_221"/>
    <property name="java.ext.dirs" value="C:\Program Files\Java\jdk1.8.0_221\jre\lib\ext;C:\WINDOWS\Sun\Java\lib\ext"/>
    <property name="sun.boot.class.path" value="C:\Program Files\Java\jdk1.8.0_221\jre\lib\resources.jar;C:\Program Files\Java\jdk1.8.0_221\jre\lib\rt.jar;C:\Program Files\Java\jdk1.8.0_221\jre\lib\sunrsasign.jar;C:\Program Files\Java\jdk1.8.0_221\jre\lib\jsse.jar;C:\Program Files\Java\jdk1.8.0_221\jre\lib\jce.jar;C:\Program Files\Java\jdk1.8.0_221\jre\lib\charsets.jar;C:\Program Files\Java\jdk1.8.0_221\jre\lib\jfr.jar;C:\Program Files\Java\jdk1.8.0_221\jre\classes"/>
    <property name="java.vendor" value="Oracle Corporation"/>
    <property name="maven.home" value="E:\Softwares\apache-maven-3.6.3\bin\.."/>
    <property name="file.separator" value="\"/>
    <property name="java.vendor.url.bug" value="http://bugreport.sun.com/bugreport/"/>
    <property name="sun.cpu.endian" value="little"/>
    <property name="sun.io.unicode.encoding" value="UnicodeLittle"/>
    <property name="sun.desktop" value="windows"/>
    <property name="sun.cpu.isalist" value="amd64"/>
  </properties>
  <testcase name="addEmp" classname="myPack.Srivalli" time="604.405">
    <failure message="session not created&#10;from timeout: Timed out receiving message from renderer: 600.000&#10;  (Session info: chrome=88.0.4324.190)&#10;Build info: version: &apos;3.141.59&apos;, revision: &apos;e82be7d358&apos;, time: &apos;2018-11-14T08:17:03&apos;&#10;System info: host: &apos;MAHESH&apos;, ip: &apos;192.168.1.7&apos;, os.name: &apos;Windows 10&apos;, os.arch: &apos;amd64&apos;, os.version: &apos;10.0&apos;, java.version: &apos;1.8.0_221&apos;&#10;Driver info: driver.version: ChromeDriver&#10;remote stacktrace: Backtrace:&#10;	GetHandleVerifier [0x0056B963+483]&#10;	GetHandleVerifier [0x0056B941+449]&#10;	GetHandleVerifier [0x00913308+3832712]&#10;	GetHandleVerifier [0x0090778C+3784716]&#10;	GetHandleVerifier [0x00906A47+3781319]&#10;	GetHandleVerifier [0x00906E36+3782326]&#10;	GetHandleVerifier [0x00906765+3780581]&#10;	GetHandleVerifier [0x0090C420+3804320]&#10;	GetHandleVerifier [0x00906721+3780513]&#10;	GetHandleVerifier [0x009074B2+3783986]&#10;	GetHandleVerifier [0x00906A47+3781319]&#10;	GetHandleVerifier [0x00906E36+3782326]&#10;	GetHandleVerifier [0x00906765+3780581]&#10;	GetHandleVerifier [0x0090B655+3800789]&#10;	GetHandleVerifier [0x00906721+3780513]&#10;	GetHandleVerifier [0x009074B2+3783986]&#10;	GetHandleVerifier [0x00906A47+3781319]&#10;	GetHandleVerifier [0x00906E36+3782326]&#10;	GetHandleVerifier [0x00906765+3780581]&#10;	GetHandleVerifier [0x00902F46+3766214]&#10;	GetHandleVerifier [0x00906721+3780513]&#10;	GetHandleVerifier [0x00906543+3780035]&#10;	GetHandleVerifier [0x00906337+3779511]&#10;	GetHandleVerifier [0x00914540+3837376]&#10;	GetHandleVerifier [0x0094F4BC+4078908]&#10;	GetHandleVerifier [0x0094E56C+4074988]&#10;	GetHandleVerifier [0x0094B2EB+4062059]&#10;	GetHandleVerifier [0x0092ED14+3945876]&#10;	GetHandleVerifier [0x0092FBCE+3949646]&#10;	GetHandleVerifier [0x0092FB59+3949529]&#10;	Ordinal0 [0x0052B5CC+46540]&#10;	Ordinal0 [0x00529F53+40787]&#10;	Ordinal0 [0x00529B12+39698]&#10;	GetHandleVerifier [0x00831468+2907368]&#10;	GetHandleVerifier [0x006771EE+1096302]&#10;	GetHandleVerifier [0x00633E8D+821005]&#10;	GetHandleVerifier [0x0063396B+819691]&#10;	GetHandleVerifier [0x00633881+819457]&#10;	GetHandleVerifier [0x0065F463+998627]&#10;	BaseThreadInitThunk [0x76E1FA29+25]&#10;	RtlGetAppContainerNamedObjectPath [0x779C76B4+228]&#10;	RtlGetAppContainerNamedObjectPath [0x779C7684+180]&#10;" type="org.openqa.selenium.SessionNotCreatedException">org.openqa.selenium.SessionNotCreatedException: 
session not created
from timeout: Timed out receiving message from renderer: 600.000
  (Session info: chrome=88.0.4324.190)
Build info: version: '3.141.59', revision: 'e82be7d358', time: '2018-11-14T08:17:03'
System info: host: 'MAHESH', ip: '192.168.1.7', os.name: 'Windows 10', os.arch: 'amd64', os.version: '10.0', java.version: '1.8.0_221'
Driver info: driver.version: ChromeDriver
remote stacktrace: Backtrace:
	GetHandleVerifier [0x0056B963+483]
	GetHandleVerifier [0x0056B941+449]
	GetHandleVerifier [0x00913308+3832712]
	GetHandleVerifier [0x0090778C+3784716]
	GetHandleVerifier [0x00906A47+3781319]
	GetHandleVerifier [0x00906E36+3782326]
	GetHandleVerifier [0x00906765+3780581]
	GetHandleVerifier [0x0090C420+3804320]
	GetHandleVerifier [0x00906721+3780513]
	GetHandleVerifier [0x009074B2+3783986]
	GetHandleVerifier [0x00906A47+3781319]
	GetHandleVerifier [0x00906E36+3782326]
	GetHandleVerifier [0x00906765+3780581]
	GetHandleVerifier [0x0090B655+3800789]
	GetHandleVerifier [0x00906721+3780513]
	GetHandleVerifier [0x009074B2+3783986]
	GetHandleVerifier [0x00906A47+3781319]
	GetHandleVerifier [0x00906E36+3782326]
	GetHandleVerifier [0x00906765+3780581]
	GetHandleVerifier [0x00902F46+3766214]
	GetHandleVerifier [0x00906721+3780513]
	GetHandleVerifier [0x00906543+3780035]
	GetHandleVerifier [0x00906337+3779511]
	GetHandleVerifier [0x00914540+3837376]
	GetHandleVerifier [0x0094F4BC+4078908]
	GetHandleVerifier [0x0094E56C+4074988]
	GetHandleVerifier [0x0094B2EB+4062059]
	GetHandleVerifier [0x0092ED14+3945876]
	GetHandleVerifier [0x0092FBCE+3949646]
	GetHandleVerifier [0x0092FB59+3949529]
	Ordinal0 [0x0052B5CC+46540]
	Ordinal0 [0x00529F53+40787]
	Ordinal0 [0x00529B12+39698]
	GetHandleVerifier [0x00831468+2907368]
	GetHandleVerifier [0x006771EE+1096302]
	GetHandleVerifier [0x00633E8D+821005]
	GetHandleVerifier [0x0063396B+819691]
	GetHandleVerifier [0x00633881+819457]
	GetHandleVerifier [0x0065F463+998627]
	BaseThreadInitThunk [0x76E1FA29+25]
	RtlGetAppContainerNamedObjectPath [0x779C76B4+228]
	RtlGetAppContainerNamedObjectPath [0x779C7684+180]

	at myPack.Srivalli.addEmp(Srivalli.java:33)
</failure>
    <system-err><![CDATA[Starting ChromeDriver 88.0.4324.96 (68dba2d8a0b149a1d3afac56fa74648032bcf46b-refs/branch-heads/4324@{#1784}) on port 14705
Only local connections are allowed.
Please see https://chromedriver.chromium.org/security-considerations for suggestions on keeping ChromeDriver safe.
ChromeDriver was started successfully.
[1614394830.360][SEVERE]: Timed out receiving message from renderer: 600.000
]]></system-err>
  </testcase>
  <testcase name="addLocation" classname="myPack.Srivalli" time="0.002"/>
  <testcase name="deleteEmp" classname="myPack.Srivalli" time="0.002"/>
  <testcase name="editEmp" classname="myPack.Srivalli" time="0.001"/>
  <testcase name="editLocation" classname="myPack.Srivalli" time="0.001"/>
  <testcase name="verifyLogin" classname="myPack.Srivalli" time="7.103"/>
</testsuite>